0 info it worked if it ends with ok
1 verbose cli [ 'C:\\Program Files\\nodejs\\node.exe',
1 verbose cli   'C:\\Program Files\\nodejs\\node_modules\\npm\\bin\\npm-cli.js',
1 verbose cli   'install',
1 verbose cli   'FirebaseNotifications.js' ]
2 info using npm@3.10.9
3 info using node@v7.1.0
4 silly loadCurrentTree Starting
5 silly install loadCurrentTree
6 silly install readLocalPackageData
7 silly fetchPackageMetaData FirebaseNotifications.js
8 silly fetchOtherPackageData FirebaseNotifications.js
9 silly cache add args [ 'FirebaseNotifications.js', null ]
10 verbose cache add spec FirebaseNotifications.js
11 silly cache add parsed spec Result {
11 silly cache add   raw: 'FirebaseNotifications.js',
11 silly cache add   scope: null,
11 silly cache add   escapedName: 'FirebaseNotifications.js',
11 silly cache add   name: null,
11 silly cache add   rawSpec: 'FirebaseNotifications.js',
11 silly cache add   spec: 'C:\\Users\\Brad\\Desktop\\Projects\\FirebaseNotifications\\FirebaseNotifications.js',
11 silly cache add   type: 'local' }
12 silly addLocalTarball shasum (computed) e290a753740e7c462fbaba5613d110f8ed67aca2
13 verbose addTmpTarball C:\Users\Brad\Desktop\Projects\FirebaseNotifications\FirebaseNotifications.js not in flight; adding
14 verbose correctMkdir C:\Users\Brad\AppData\Roaming\npm-cache correctMkdir not in flight; initializing
15 verbose addTmpTarball validating metadata from C:\Users\Brad\Desktop\Projects\FirebaseNotifications\FirebaseNotifications.js
16 verbose tar unpack C:\Users\Brad\Desktop\Projects\FirebaseNotifications\FirebaseNotifications.js
17 verbose tar unpacking to C:\Users\Brad\AppData\Local\Temp\npm-6924-b2bf2d86\unpack-ff75b34f
18 silly gentlyRm C:\Users\Brad\AppData\Local\Temp\npm-6924-b2bf2d86\unpack-ff75b34f is being purged
19 verbose gentlyRm don't care about contents; nuking C:\Users\Brad\AppData\Local\Temp\npm-6924-b2bf2d86\unpack-ff75b34f
20 silly gunzTarPerm modes [ '777', '666' ]
21 error not a package C:\Users\Brad\Desktop\Projects\FirebaseNotifications\FirebaseNotifications.js
22 error addLocal Could not install C:\Users\Brad\Desktop\Projects\FirebaseNotifications\FirebaseNotifications.js
23 silly fetchPackageMetaData Error: ENOENT: no such file or directory, open 'C:\Users\Brad\AppData\Local\Temp\npm-6924-b2bf2d86\unpack-ff75b34f\package.json'
23 silly fetchPackageMetaData  error for FirebaseNotifications.js { Error: ENOENT: no such file or directory, open 'C:\Users\Brad\AppData\Local\Temp\npm-6924-b2bf2d86\unpack-ff75b34f\package.json'
23 silly fetchPackageMetaData   errno: -4058,
23 silly fetchPackageMetaData   code: 'ENOENT',
23 silly fetchPackageMetaData   syscall: 'open',
23 silly fetchPackageMetaData   path: 'C:\\Users\\Brad\\AppData\\Local\\Temp\\npm-6924-b2bf2d86\\unpack-ff75b34f\\package.json' }
24 silly rollbackFailedOptional Starting
25 silly rollbackFailedOptional Finishing
26 silly runTopLevelLifecycles Finishing
27 silly install printInstalled
28 verbose stack Error: ENOENT: no such file or directory, open 'C:\Users\Brad\AppData\Local\Temp\npm-6924-b2bf2d86\unpack-ff75b34f\package.json'
29 verbose cwd C:\Users\Brad\Desktop\Projects\FirebaseNotifications
30 error Windows_NT 10.0.14393
31 error argv "C:\\Program Files\\nodejs\\node.exe" "C:\\Program Files\\nodejs\\node_modules\\npm\\bin\\npm-cli.js" "install" "FirebaseNotifications.js"
32 error node v7.1.0
33 error npm  v3.10.9
34 error path C:\Users\Brad\AppData\Local\Temp\npm-6924-b2bf2d86\unpack-ff75b34f\package.json
35 error code ENOENT
36 error errno -4058
37 error syscall open
38 error enoent ENOENT: no such file or directory, open 'C:\Users\Brad\AppData\Local\Temp\npm-6924-b2bf2d86\unpack-ff75b34f\package.json'
39 error enoent ENOENT: no such file or directory, open 'C:\Users\Brad\AppData\Local\Temp\npm-6924-b2bf2d86\unpack-ff75b34f\package.json'
39 error enoent This is most likely not a problem with npm itself
39 error enoent and is related to npm not being able to find a file.
40 verbose exit [ -4058, true ]
